2017-12-25 03:04:55,830 [main] INFO  c.h.SpringCloudKafkaApplication 48 - Starting SpringCloudKafkaApplication on liangguohun with PID 8120 (F:\other\springCloud\springCloud_kafka\target\classes started by Administrator in F:\other\springCloud\springCloud_kafka)
2017-12-25 03:04:55,832 [main] INFO  c.h.SpringCloudKafkaApplication 593 - No active profile set, falling back to default profiles: default
2017-12-25 03:04:55,883 [main] INFO  o.s.b.c.e.AnnotationConfigEmbeddedWebApplicationContext 583 - Refreshing org.springframework.boot.context.embedded.AnnotationConfigEmbeddedWebApplicationContext@5e0e82ae: startup date [Mon Dec 25 03:04:55 CST 2017]; root of context hierarchy
2017-12-25 03:04:56,279 [background-preinit] INFO  o.h.validator.internal.util.Version 30 - HV000001: Hibernate Validator 5.3.5.Final
2017-12-25 03:04:56,506 [main] INFO  o.s.i.config.IntegrationRegistrar 330 - No bean named 'integrationHeaderChannelRegistry' has been explicitly defined. Therefore, a default DefaultHeaderChannelRegistry will be created.
2017-12-25 03:04:56,921 [main] INFO  o.s.i.c.DefaultConfiguringBeanFactoryPostProcessor 130 - No bean named 'errorChannel' has been explicitly defined. Therefore, a default PublishSubscribeChannel will be created.
2017-12-25 03:04:56,933 [main] INFO  o.s.i.c.DefaultConfiguringBeanFactoryPostProcessor 158 - No bean named 'taskScheduler' has been explicitly defined. Therefore, a default ThreadPoolTaskScheduler will be created.
2017-12-25 03:04:57,036 [main] INFO  o.s.c.s.PostProcessorRegistrationDelegate$BeanPostProcessorChecker 327 - Bean 'org.springframework.kafka.annotation.KafkaBootstrapConfiguration' of type [org.springframework.kafka.annotation.KafkaBootstrapConfiguration$$EnhancerBySpringCGLIB$$7b8d56df] is not eligible for getting processed by all BeanPostProcessors (for example: not eligible for auto-proxying)
2017-12-25 03:04:57,071 [main] INFO  o.s.c.s.PostProcessorRegistrationDelegate$BeanPostProcessorChecker 327 - Bean 'org.springframework.cloud.stream.config.BindingServiceConfiguration$PostProcessorConfiguration' of type [org.springframework.cloud.stream.config.BindingServiceConfiguration$PostProcessorConfiguration$$EnhancerBySpringCGLIB$$69a2e361] is not eligible for getting processed by all BeanPostProcessors (for example: not eligible for auto-proxying)
2017-12-25 03:04:57,135 [main] INFO  o.s.c.s.PostProcessorRegistrationDelegate$BeanPostProcessorChecker 327 - Bean 'integrationGlobalProperties' of type [org.springframework.beans.factory.config.PropertiesFactoryBean] is not eligible for getting processed by all BeanPostProcessors (for example: not eligible for auto-proxying)
2017-12-25 03:04:57,137 [main] INFO  o.s.c.s.PostProcessorRegistrationDelegate$BeanPostProcessorChecker 327 - Bean 'integrationGlobalProperties' of type [java.util.Properties] is not eligible for getting processed by all BeanPostProcessors (for example: not eligible for auto-proxying)
2017-12-25 03:04:57,709 [main] INFO  o.s.b.c.e.t.TomcatEmbeddedServletContainer 89 - Tomcat initialized with port(s): 8080 (http)
2017-12-25 03:04:57,717 [main] INFO  o.a.catalina.core.StandardService 179 - Starting service [Tomcat]
2017-12-25 03:04:57,718 [main] INFO  o.a.catalina.core.StandardEngine 179 - Starting Servlet Engine: Apache Tomcat/8.5.23
2017-12-25 03:04:57,816 [localhost-startStop-1] INFO  o.a.c.c.C.[Tomcat].[localhost].[/] 179 - Initializing Spring embedded WebApplicationContext
2017-12-25 03:04:57,817 [localhost-startStop-1] INFO  o.s.web.context.ContextLoader 276 - Root WebApplicationContext: initialization completed in 1934 ms
2017-12-25 03:04:58,030 [localhost-startStop-1] INFO  o.s.b.w.s.ServletRegistrationBean 190 - Mapping servlet: 'dispatcherServlet' to [/]
2017-12-25 03:04:58,035 [localhost-startStop-1] INFO  o.s.b.w.s.FilterRegistrationBean 258 - Mapping filter: 'metricsFilter' to: [/*]
2017-12-25 03:04:58,035 [localhost-startStop-1] INFO  o.s.b.w.s.FilterRegistrationBean 258 - Mapping filter: 'characterEncodingFilter' to: [/*]
2017-12-25 03:04:58,035 [localhost-startStop-1] INFO  o.s.b.w.s.FilterRegistrationBean 258 - Mapping filter: 'hiddenHttpMethodFilter' to: [/*]
2017-12-25 03:04:58,036 [localhost-startStop-1] INFO  o.s.b.w.s.FilterRegistrationBean 258 - Mapping filter: 'httpPutFormContentFilter' to: [/*]
2017-12-25 03:04:58,036 [localhost-startStop-1] INFO  o.s.b.w.s.FilterRegistrationBean 258 - Mapping filter: 'requestContextFilter' to: [/*]
2017-12-25 03:04:58,036 [localhost-startStop-1] INFO  o.s.b.w.s.FilterRegistrationBean 258 - Mapping filter: 'webRequestLoggingFilter' to: [/*]
2017-12-25 03:04:58,036 [localhost-startStop-1] INFO  o.s.b.w.s.FilterRegistrationBean 258 - Mapping filter: 'applicationContextIdFilter' to: [/*]
2017-12-25 03:04:58,422 [main] INFO  o.s.s.c.ThreadPoolTaskScheduler 165 - Initializing ExecutorService  'taskScheduler'
2017-12-25 03:04:58,807 [main] INFO  o.s.w.s.m.m.a.RequestMappingHandlerAdapter 534 - Looking for @ControllerAdvice: org.springframework.boot.context.embedded.AnnotationConfigEmbeddedWebApplicationContext@5e0e82ae: startup date [Mon Dec 25 03:04:55 CST 2017]; root of context hierarchy
2017-12-25 03:04:58,862 [main] INFO  o.s.w.s.m.m.a.RequestMappingHandlerMapping 543 - Mapped "{[/error]}" onto public org.springframework.http.ResponseEntity<java.util.Map<java.lang.String, java.lang.Object>> org.springframework.boot.autoconfigure.web.BasicErrorController.error(javax.servlet.http.HttpServletRequest)
2017-12-25 03:04:58,863 [main] INFO  o.s.w.s.m.m.a.RequestMappingHandlerMapping 543 - Mapped "{[/error],produces=[text/html]}" onto public org.springframework.web.servlet.ModelAndView org.springframework.boot.autoconfigure.web.BasicErrorController.errorHtml(javax.servlet.http.HttpServletRequest,javax.servlet.http.HttpServletResponse)
2017-12-25 03:04:58,901 [main] INFO  o.s.w.s.h.SimpleUrlHandlerMapping 362 - Mapped URL path [/webjars/**] onto handler of type [class org.springframework.web.servlet.resource.ResourceHttpRequestHandler]
2017-12-25 03:04:58,902 [main] INFO  o.s.w.s.h.SimpleUrlHandlerMapping 362 - Mapped URL path [/**] onto handler of type [class org.springframework.web.servlet.resource.ResourceHttpRequestHandler]
2017-12-25 03:04:58,935 [main] INFO  o.s.w.s.h.SimpleUrlHandlerMapping 362 - Mapped URL path [/**/favicon.ico] onto handler of type [class org.springframework.web.servlet.resource.ResourceHttpRequestHandler]
2017-12-25 03:04:59,273 [main] INFO  o.s.b.a.e.mvc.EndpointHandlerMapping 543 - Mapped "{[/health || /health.json],methods=[GET],produces=[application/vnd.spring-boot.actuator.v1+json || application/json]}" onto public java.lang.Object org.springframework.boot.actuate.endpoint.mvc.HealthMvcEndpoint.invoke(javax.servlet.http.HttpServletRequest,java.security.Principal)
2017-12-25 03:04:59,274 [main] INFO  o.s.b.a.e.mvc.EndpointHandlerMapping 543 - Mapped "{[/mappings || /mappings.json],methods=[GET],produces=[application/vnd.spring-boot.actuator.v1+json || application/json]}" onto public java.lang.Object org.springframework.boot.actuate.endpoint.mvc.EndpointMvcAdapter.invoke()
2017-12-25 03:04:59,275 [main] INFO  o.s.b.a.e.mvc.EndpointHandlerMapping 543 - Mapped "{[/info || /info.json],methods=[GET],produces=[application/vnd.spring-boot.actuator.v1+json || application/json]}" onto public java.lang.Object org.springframework.boot.actuate.endpoint.mvc.EndpointMvcAdapter.invoke()
2017-12-25 03:04:59,276 [main] INFO  o.s.b.a.e.mvc.EndpointHandlerMapping 543 - Mapped "{[/beans || /beans.json],methods=[GET],produces=[application/vnd.spring-boot.actuator.v1+json || application/json]}" onto public java.lang.Object org.springframework.boot.actuate.endpoint.mvc.EndpointMvcAdapter.invoke()
2017-12-25 03:04:59,277 [main] INFO  o.s.b.a.e.mvc.EndpointHandlerMapping 543 - Mapped "{[/env/{name:.*}],methods=[GET],produces=[application/vnd.spring-boot.actuator.v1+json || application/json]}" onto public java.lang.Object org.springframework.boot.actuate.endpoint.mvc.EnvironmentMvcEndpoint.value(java.lang.String)
2017-12-25 03:04:59,277 [main] INFO  o.s.b.a.e.mvc.EndpointHandlerMapping 543 - Mapped "{[/env || /env.json],methods=[GET],produces=[application/vnd.spring-boot.actuator.v1+json || application/json]}" onto public java.lang.Object org.springframework.boot.actuate.endpoint.mvc.EndpointMvcAdapter.invoke()
2017-12-25 03:04:59,278 [main] INFO  o.s.b.a.e.mvc.EndpointHandlerMapping 543 - Mapped "{[/trace || /trace.json],methods=[GET],produces=[application/vnd.spring-boot.actuator.v1+json || application/json]}" onto public java.lang.Object org.springframework.boot.actuate.endpoint.mvc.EndpointMvcAdapter.invoke()
2017-12-25 03:04:59,280 [main] INFO  o.s.b.a.e.mvc.EndpointHandlerMapping 543 - Mapped "{[/dump || /dump.json],methods=[GET],produces=[application/vnd.spring-boot.actuator.v1+json || application/json]}" onto public java.lang.Object org.springframework.boot.actuate.endpoint.mvc.EndpointMvcAdapter.invoke()
2017-12-25 03:04:59,280 [main] INFO  o.s.b.a.e.mvc.EndpointHandlerMapping 543 - Mapped "{[/autoconfig || /autoconfig.json],methods=[GET],produces=[application/vnd.spring-boot.actuator.v1+json || application/json]}" onto public java.lang.Object org.springframework.boot.actuate.endpoint.mvc.EndpointMvcAdapter.invoke()
2017-12-25 03:04:59,281 [main] INFO  o.s.b.a.e.mvc.EndpointHandlerMapping 543 - Mapped "{[/auditevents || /auditevents.json],methods=[GET],produces=[application/vnd.spring-boot.actuator.v1+json || application/json]}" onto public org.springframework.http.ResponseEntity<?> org.springframework.boot.actuate.endpoint.mvc.AuditEventsMvcEndpoint.findByPrincipalAndAfterAndType(java.lang.String,java.util.Date,java.lang.String)
2017-12-25 03:04:59,281 [main] INFO  o.s.b.a.e.mvc.EndpointHandlerMapping 543 - Mapped "{[/heapdump || /heapdump.json],methods=[GET],produces=[application/octet-stream]}" onto public void org.springframework.boot.actuate.endpoint.mvc.HeapdumpMvcEndpoint.invoke(boolean,javax.servlet.http.HttpServletRequest,javax.servlet.http.HttpServletResponse) throws java.io.IOException,javax.servlet.ServletException
2017-12-25 03:04:59,282 [main] INFO  o.s.b.a.e.mvc.EndpointHandlerMapping 543 - Mapped "{[/loggers/{name:.*}],methods=[GET],produces=[application/vnd.spring-boot.actuator.v1+json || application/json]}" onto public java.lang.Object org.springframework.boot.actuate.endpoint.mvc.LoggersMvcEndpoint.get(java.lang.String)
2017-12-25 03:04:59,283 [main] INFO  o.s.b.a.e.mvc.EndpointHandlerMapping 543 - Mapped "{[/loggers/{name:.*}],methods=[POST],consumes=[application/vnd.spring-boot.actuator.v1+json || application/json],produces=[application/vnd.spring-boot.actuator.v1+json || application/json]}" onto public java.lang.Object org.springframework.boot.actuate.endpoint.mvc.LoggersMvcEndpoint.set(java.lang.String,java.util.Map<java.lang.String, java.lang.String>)
2017-12-25 03:04:59,283 [main] INFO  o.s.b.a.e.mvc.EndpointHandlerMapping 543 - Mapped "{[/loggers || /loggers.json],methods=[GET],produces=[application/vnd.spring-boot.actuator.v1+json || application/json]}" onto public java.lang.Object org.springframework.boot.actuate.endpoint.mvc.EndpointMvcAdapter.invoke()
2017-12-25 03:04:59,283 [main] INFO  o.s.b.a.e.mvc.EndpointHandlerMapping 543 - Mapped "{[/channels || /channels.json],methods=[GET],produces=[application/vnd.spring-boot.actuator.v1+json || application/json]}" onto public java.lang.Object org.springframework.boot.actuate.endpoint.mvc.EndpointMvcAdapter.invoke()
2017-12-25 03:04:59,284 [main] INFO  o.s.b.a.e.mvc.EndpointHandlerMapping 543 - Mapped "{[/metrics/{name:.*}],methods=[GET],produces=[application/vnd.spring-boot.actuator.v1+json || application/json]}" onto public java.lang.Object org.springframework.boot.actuate.endpoint.mvc.MetricsMvcEndpoint.value(java.lang.String)
2017-12-25 03:04:59,284 [main] INFO  o.s.b.a.e.mvc.EndpointHandlerMapping 543 - Mapped "{[/metrics || /metrics.json],methods=[GET],produces=[application/vnd.spring-boot.actuator.v1+json || application/json]}" onto public java.lang.Object org.springframework.boot.actuate.endpoint.mvc.EndpointMvcAdapter.invoke()
2017-12-25 03:04:59,284 [main] INFO  o.s.b.a.e.mvc.EndpointHandlerMapping 543 - Mapped "{[/configprops || /configprops.json],methods=[GET],produces=[application/vnd.spring-boot.actuator.v1+json || application/json]}" onto public java.lang.Object org.springframework.boot.actuate.endpoint.mvc.EndpointMvcAdapter.invoke()
2017-12-25 03:04:59,617 [main] INFO  o.s.i.c.kryo.CompositeKryoRegistrar 74 - configured Kryo registration [40, java.io.File] with serializer org.springframework.integration.codec.kryo.FileSerializer
2017-12-25 03:04:59,708 [main] INFO  o.s.i.channel.DirectChannel 81 - Channel 'application.customer1' has 1 subscriber(s).
2017-12-25 03:04:59,709 [main] INFO  o.s.j.e.a.AnnotationMBeanExporter 431 - Registering beans for JMX exposure on startup
2017-12-25 03:04:59,715 [main] INFO  o.s.j.e.a.AnnotationMBeanExporter 916 - Bean with name 'integrationMbeanExporter' has been autodetected for JMX exposure
2017-12-25 03:04:59,718 [main] INFO  o.s.j.e.a.AnnotationMBeanExporter 678 - Located managed bean 'integrationMbeanExporter': registering with JMX server as MBean [org.springframework.integration.monitor:name=integrationMbeanExporter,type=IntegrationMBeanExporter]
2017-12-25 03:04:59,743 [main] INFO  o.s.i.m.IntegrationMBeanExporter 431 - Registering beans for JMX exposure on startup
2017-12-25 03:04:59,743 [main] INFO  o.s.i.m.IntegrationMBeanExporter 647 - Registering MessageChannel errorChannel
2017-12-25 03:04:59,745 [main] INFO  o.s.i.m.IntegrationMBeanExporter 678 - Located managed bean 'org.springframework.integration:type=MessageChannel,name=errorChannel': registering with JMX server as MBean [org.springframework.integration:type=MessageChannel,name=errorChannel]
2017-12-25 03:04:59,767 [main] INFO  o.s.i.m.IntegrationMBeanExporter 647 - Registering MessageChannel customer1
2017-12-25 03:04:59,768 [main] INFO  o.s.i.m.IntegrationMBeanExporter 678 - Located managed bean 'org.springframework.integration:type=MessageChannel,name=customer1': registering with JMX server as MBean [org.springframework.integration:type=MessageChannel,name=customer1]
2017-12-25 03:04:59,777 [main] INFO  o.s.i.m.IntegrationMBeanExporter 647 - Registering MessageChannel productor1
2017-12-25 03:04:59,778 [main] INFO  o.s.i.m.IntegrationMBeanExporter 678 - Located managed bean 'org.springframework.integration:type=MessageChannel,name=productor1': registering with JMX server as MBean [org.springframework.integration:type=MessageChannel,name=productor1]
2017-12-25 03:04:59,788 [main] INFO  o.s.i.m.IntegrationMBeanExporter 647 - Registering MessageChannel nullChannel
2017-12-25 03:04:59,789 [main] INFO  o.s.i.m.IntegrationMBeanExporter 678 - Located managed bean 'org.springframework.integration:type=MessageChannel,name=nullChannel': registering with JMX server as MBean [org.springframework.integration:type=MessageChannel,name=nullChannel]
2017-12-25 03:04:59,800 [main] INFO  o.s.i.m.IntegrationMBeanExporter 664 - Registering MessageHandler errorLogger
2017-12-25 03:04:59,801 [main] INFO  o.s.i.m.IntegrationMBeanExporter 678 - Located managed bean 'org.springframework.integration:type=MessageHandler,name=errorLogger,bean=internal': registering with JMX server as MBean [org.springframework.integration:type=MessageHandler,name=errorLogger,bean=internal]
2017-12-25 03:04:59,810 [main] INFO  o.s.b.a.e.jmx.EndpointMBeanExporter 431 - Registering beans for JMX exposure on startup
2017-12-25 03:04:59,815 [main] INFO  o.s.c.s.DefaultLifecycleProcessor 343 - Starting beans in phase -2147482648
2017-12-25 03:04:59,878 [main] INFO  c.h.SpringCloudKafkaApplication 593 - No active profile set, falling back to default profiles: default
2017-12-25 03:04:59,892 [main] INFO  o.s.c.a.AnnotationConfigApplicationContext 583 - Refreshing org.springframework.context.annotation.AnnotationConfigApplicationContext@123d7057: startup date [Mon Dec 25 03:04:59 CST 2017]; parent: org.springframework.boot.context.embedded.AnnotationConfigEmbeddedWebApplicationContext@5e0e82ae
2017-12-25 03:04:59,959 [main] INFO  o.s.c.s.b.k.c.KafkaBinderConfiguration 147 - AdminUtils selected: Kafka 0.10 AdminUtils
2017-12-25 03:05:00,001 [main] INFO  c.h.SpringCloudKafkaApplication 57 - Started SpringCloudKafkaApplication in 0.172 seconds (JVM running for 5.167)
2017-12-25 03:05:00,032 [main] INFO  o.s.c.s.b.k.p.KafkaTopicProvisioner 105 - Using kafka topic for outbound: test_spring_stream
2017-12-25 03:05:00,142 [main] INFO  org.apache.zookeeper.ZooKeeper 100 - Client environment:zookeeper.version=3.4.8--1, built on 02/06/2016 03:18 GMT
2017-12-25 03:05:00,143 [main] INFO  org.apache.zookeeper.ZooKeeper 100 - Client environment:host.name=liangguohun
2017-12-25 03:05:00,143 [main] INFO  org.apache.zookeeper.ZooKeeper 100 - Client environment:java.version=1.8.0_131
2017-12-25 03:05:00,143 [main] INFO  org.apache.zookeeper.ZooKeeper 100 - Client environment:java.vendor=Oracle Corporation
2017-12-25 03:05:00,143 [main] INFO  org.apache.zookeeper.ZooKeeper 100 - Client environment:java.home=C:\Program Files\Java\jdk1.8.0_131\jre
2017-12-25 03:05:00,144 [main] INFO  org.apache.zookeeper.ZooKeeper 100 - Client environment:java.class.path=C:\Program Files\Java\jdk1.8.0_131\jre\lib\resources.jar;C:\Program Files\Java\jdk1.8.0_131\jre\lib\rt.jar;C:\Program Files\Java\jdk1.8.0_131\jre\lib\jsse.jar;C:\Program Files\Java\jdk1.8.0_131\jre\lib\jce.jar;C:\Program Files\Java\jdk1.8.0_131\jre\lib\charsets.jar;C:\Program Files\Java\jdk1.8.0_131\jre\lib\jfr.jar;C:\Program Files\Java\jdk1.8.0_131\jre\lib\ext\access-bridge-64.jar;C:\Program Files\Java\jdk1.8.0_131\jre\lib\ext\cldrdata.jar;C:\Program Files\Java\jdk1.8.0_131\jre\lib\ext\dnsns.jar;C:\Program Files\Java\jdk1.8.0_131\jre\lib\ext\jaccess.jar;C:\Program Files\Java\jdk1.8.0_131\jre\lib\ext\jfxrt.jar;C:\Program Files\Java\jdk1.8.0_131\jre\lib\ext\localedata.jar;C:\Program Files\Java\jdk1.8.0_131\jre\lib\ext\nashorn.jar;C:\Program Files\Java\jdk1.8.0_131\jre\lib\ext\sunec.jar;C:\Program Files\Java\jdk1.8.0_131\jre\lib\ext\sunjce_provider.jar;C:\Program Files\Java\jdk1.8.0_131\jre\lib\ext\sunmscapi.jar;C:\Program Files\Java\jdk1.8.0_131\jre\lib\ext\sunpkcs11.jar;C:\Program Files\Java\jdk1.8.0_131\jre\lib\ext\zipfs.jar;F:\other\springCloud\springCloud_kafka\target\classes;D:\apache-maven-3.5.0\Rep\org\springframework\boot\spring-boot\1.5.8.RELEASE\spring-boot-1.5.8.RELEASE.jar;D:\apache-maven-3.5.0\Rep\org\springframework\spring-context\4.3.12.RELEASE\spring-context-4.3.12.RELEASE.jar;D:\apache-maven-3.5.0\Rep\org\springframework\spring-aop\4.3.12.RELEASE\spring-aop-4.3.12.RELEASE.jar;D:\apache-maven-3.5.0\Rep\org\springframework\spring-beans\4.3.12.RELEASE\spring-beans-4.3.12.RELEASE.jar;D:\apache-maven-3.5.0\Rep\org\springframework\spring-expression\4.3.12.RELEASE\spring-expression-4.3.12.RELEASE.jar;D:\apache-maven-3.5.0\Rep\org\springframework\boot\spring-boot-autoconfigure\1.5.8.RELEASE\spring-boot-autoconfigure-1.5.8.RELEASE.jar;D:\apache-maven-3.5.0\Rep\org\slf4j\slf4j-api\1.7.25\slf4j-api-1.7.25.jar;D:\apache-maven-3.5.0\Rep\org\objenesis\objenesis\2.1\objenesis-2.1.jar;D:\apache-maven-3.5.0\Rep\org\springframework\spring-core\4.3.12.RELEASE\spring-core-4.3.12.RELEASE.jar;D:\apache-maven-3.5.0\Rep\org\springframework\cloud\spring-cloud-starter-stream-kafka\1.2.1.RELEASE\spring-cloud-starter-stream-kafka-1.2.1.RELEASE.jar;D:\apache-maven-3.5.0\Rep\org\springframework\cloud\spring-cloud-stream-binder-kafka\1.2.1.RELEASE\spring-cloud-stream-binder-kafka-1.2.1.RELEASE.jar;D:\apache-maven-3.5.0\Rep\org\springframework\cloud\spring-cloud-stream-binder-kafka-core\1.2.1.RELEASE\spring-cloud-stream-binder-kafka-core-1.2.1.RELEASE.jar;D:\apache-maven-3.5.0\Rep\org\springframework\cloud\spring-cloud-stream\1.2.2.RELEASE\spring-cloud-stream-1.2.2.RELEASE.jar;D:\apache-maven-3.5.0\Rep\org\springframework\boot\spring-boot-starter-actuator\1.5.8.RELEASE\spring-boot-starter-actuator-1.5.8.RELEASE.jar;D:\apache-maven-3.5.0\Rep\org\springframework\boot\spring-boot-starter\1.5.8.RELEASE\spring-boot-starter-1.5.8.RELEASE.jar;D:\apache-maven-3.5.0\Rep\org\springframework\boot\spring-boot-starter-logging\1.5.8.RELEASE\spring-boot-starter-logging-1.5.8.RELEASE.jar;D:\apache-maven-3.5.0\Rep\ch\qos\logback\logback-classic\1.1.11\logback-classic-1.1.11.jar;D:\apache-maven-3.5.0\Rep\ch\qos\logback\logback-core\1.1.11\logback-core-1.1.11.jar;D:\apache-maven-3.5.0\Rep\org\slf4j\jcl-over-slf4j\1.7.25\jcl-over-slf4j-1.7.25.jar;D:\apache-maven-3.5.0\Rep\org\slf4j\jul-to-slf4j\1.7.25\jul-to-slf4j-1.7.25.jar;D:\apache-maven-3.5.0\Rep\org\slf4j\log4j-over-slf4j\1.7.25\log4j-over-slf4j-1.7.25.jar;D:\apache-maven-3.5.0\Rep\org\yaml\snakeyaml\1.17\snakeyaml-1.17.jar;D:\apache-maven-3.5.0\Rep\org\springframework\boot\spring-boot-actuator\1.5.8.RELEASE\spring-boot-actuator-1.5.8.RELEASE.jar;D:\apache-maven-3.5.0\Rep\org\springframework\boot\spring-boot-starter-web\1.5.8.RELEASE\spring-boot-starter-web-1.5.8.RELEASE.jar;D:\apache-maven-3.5.0\Rep\org\springframework\boot\spring-boot-starter-tomcat\1.5.8.RELEASE\spring-boot-starter-tomcat-1.5.8.RELEASE.jar;D:\apache-maven-3.5.0\Rep\org\apache\tomcat\embed\tomcat-embed-core\8.5.23\tomcat-embed-core-8.5.23.jar;D:\apache-maven-3.5.0\Rep\org\apache\tomcat\tomcat-annotations-api\8.5.23\tomcat-annotations-api-8.5.23.jar;D:\apache-maven-3.5.0\Rep\org\apache\tomcat\embed\tomcat-embed-websocket\8.5.23\tomcat-embed-websocket-8.5.23.jar;D:\apache-maven-3.5.0\Rep\org\hibernate\hibernate-validator\5.3.5.Final\hibernate-validator-5.3.5.Final.jar;D:\apache-maven-3.5.0\Rep\javax\validation\validation-api\1.1.0.Final\validation-api-1.1.0.Final.jar;D:\apache-maven-3.5.0\Rep\org\jboss\logging\jboss-logging\3.3.1.Final\jboss-logging-3.3.1.Final.jar;D:\apache-maven-3.5.0\Rep\com\fasterxml\classmate\1.3.4\classmate-1.3.4.jar;D:\apache-maven-3.5.0\Rep\com\fasterxml\jackson\core\jackson-databind\2.8.10\jackson-databind-2.8.10.jar;D:\apache-maven-3.5.0\Rep\com\fasterxml\jackson\core\jackson-core\2.8.10\jackson-core-2.8.10.jar;D:\apache-maven-3.5.0\Rep\org\springframework\spring-web\4.3.12.RELEASE\spring-web-4.3.12.RELEASE.jar;D:\apache-maven-3.5.0\Rep\org\springframework\spring-webmvc\4.3.12.RELEASE\spring-webmvc-4.3.12.RELEASE.jar;D:\apache-maven-3.5.0\Rep\org\springframework\boot\spring-boot-starter-validation\1.5.8.RELEASE\spring-boot-starter-validation-1.5.8.RELEASE.jar;D:\apache-maven-3.5.0\Rep\org\apache\tomcat\embed\tomcat-embed-el\8.5.23\tomcat-embed-el-8.5.23.jar;D:\apache-maven-3.5.0\Rep\org\springframework\spring-messaging\4.3.12.RELEASE\spring-messaging-4.3.12.RELEASE.jar;D:\apache-maven-3.5.0\Rep\org\springframework\integration\spring-integration-core\4.3.12.RELEASE\spring-integration-core-4.3.12.RELEASE.jar;D:\apache-maven-3.5.0\Rep\org\springframework\spring-tx\4.3.12.RELEASE\spring-tx-4.3.12.RELEASE.jar;D:\apache-maven-3.5.0\Rep\org\springframework\integration\spring-integration-jmx\4.3.12.RELEASE\spring-integration-jmx-4.3.12.RELEASE.jar;D:\apache-maven-3.5.0\Rep\org\springframework\spring-tuple\1.0.0.RELEASE\spring-tuple-1.0.0.RELEASE.jar;D:\apache-maven-3.5.0\Rep\org\springframework\integration\spring-integration-tuple\1.0.0.RELEASE\spring-integration-tuple-1.0.0.RELEASE.jar;D:\apache-maven-3.5.0\Rep\org\springframework\retry\spring-retry\1.2.1.RELEASE\spring-retry-1.2.1.RELEASE.jar;D:\apache-maven-3.5.0\Rep\org\springframework\cloud\spring-cloud-stream-codec\1.2.2.RELEASE\spring-cloud-stream-codec-1.2.2.RELEASE.jar;D:\apache-maven-3.5.0\Rep\com\esotericsoftware\kryo-shaded\3.0.3\kryo-shaded-3.0.3.jar;D:\apache-maven-3.5.0\Rep\com\esotericsoftware\minlog\1.3.0\minlog-1.3.0.jar;D:\apache-maven-3.5.0\Rep\com\fasterxml\jackson\core\jackson-annotations\2.8.0\jackson-annotations-2.8.0.jar;D:\apache-maven-3.5.0\Rep\org\apache\kafka\kafka_2.11\0.10.1.1\kafka_2.11-0.10.1.1.jar;D:\apache-maven-3.5.0\Rep\net\sf\jopt-simple\jopt-simple\4.9\jopt-simple-4.9.jar;D:\apache-maven-3.5.0\Rep\com\yammer\metrics\metrics-core\2.2.0\metrics-core-2.2.0.jar;D:\apache-maven-3.5.0\Rep\org\scala-lang\scala-library\2.11.8\scala-library-2.11.8.jar;D:\apache-maven-3.5.0\Rep\com\101tec\zkclient\0.9\zkclient-0.9.jar;D:\apache-maven-3.5.0\Rep\org\apache\zookeeper\zookeeper\3.4.8\zookeeper-3.4.8.jar;D:\apache-maven-3.5.0\Rep\io\netty\netty\3.7.0.Final\netty-3.7.0.Final.jar;D:\apache-maven-3.5.0\Rep\org\scala-lang\modules\scala-parser-combinators_2.11\1.0.4\scala-parser-combinators_2.11-1.0.4.jar;D:\apache-maven-3.5.0\Rep\org\apache\kafka\kafka-clients\0.10.1.1\kafka-clients-0.10.1.1.jar;D:\apache-maven-3.5.0\Rep\net\jpountz\lz4\lz4\1.3.0\lz4-1.3.0.jar;D:\apache-maven-3.5.0\Rep\org\xerial\snappy\snappy-java\1.1.2.6\snappy-java-1.1.2.6.jar;D:\apache-maven-3.5.0\Rep\org\springframework\kafka\spring-kafka\1.1.7.RELEASE\spring-kafka-1.1.7.RELEASE.jar;D:\apache-maven-3.5.0\Rep\org\springframework\integration\spring-integration-kafka\2.1.0.RELEASE\spring-integration-kafka-2.1.0.RELEASE.jar
2017-12-25 03:05:00,144 [main] INFO  org.apache.zookeeper.ZooKeeper 100 - Client environment:java.library.path=C:\Program Files\Java\jdk1.8.0_131\bin;C:\Windows\Sun\Java\bin;C:\Windows\system32;C:\Windows;C:/Program Files/Java/jre1.8.0_144/bin/server;C:/Program Files/Java/jre1.8.0_144/bin;C:/Program Files/Java/jre1.8.0_144/lib/amd64;C:\ProgramData\Oracle\Java\javapath;C:\Windows\system32;C:\Windows;C:\Windows\System32\Wbem;C:\Windows\System32\WindowsPowerShell\v1.0\;C:\Program Files (x86)\NVIDIA Corporation\PhysX\Common;D:\apache-maven-3.5.0\bin;C:\Program Files\nodejs\;C:\Program Files\Git\cmd;C:\Program Files\Java\jdk1.8.0_131\bin;C:\Program Files\Java\jdk1.8.0_131\jre;C:\Program Files\Git\bin;C:\Program Files\Git\usr\bin;C:\Program Files (x86)\Microsoft SQL Server\100\Tools\Binn\;C:\Program Files\Microsoft SQL Server\100\Tools\Binn\;C:\Program Files\Microsoft SQL Server\100\DTS\Binn\;C:\Program Files\Microsoft\Web Platform Installer\;C:\Program Files (x86)\Microsoft ASP.NET\ASP.NET Web Pages\v1.0\;C:\Program Files\Microsoft SQL Server\110\Tools\Binn\;D:\Program Files\TortoiseSVN\bin;C:\Program Files (x86)\Microsoft SQL Server\100\Tools\Binn\VSShell\Common7\IDE\;C:\Program Files (x86)\Microsoft Visual Studio 9.0\Common7\IDE\PrivateAssemblies\;C:\Program Files (x86)\Microsoft SQL Server\100\DTS\Binn\;C:\Program Files (x86)\Windows Kits\8.0\Windows Performance Toolkit\;D:\Program Files\TortoiseGit\bin;D:\apache-maven-3.5.0\bin;C:\Users\Administrator\AppData\Local\Programs\Python\Python36\Scripts\;C:\Users\Administrator\AppData\Local\Programs\Python\Python36\;C:\Users\Administrator\AppData\Roaming\npm;C:\Program Files (x86)\Microsoft VS Code\bin;C:\Users\Administrator\Desktop;;.
2017-12-25 03:05:00,144 [main] INFO  org.apache.zookeeper.ZooKeeper 100 - Client environment:java.io.tmpdir=C:\Users\ADMINI~1\AppData\Local\Temp\
2017-12-25 03:05:00,144 [main] INFO  org.apache.zookeeper.ZooKeeper 100 - Client environment:java.compiler=<NA>
2017-12-25 03:05:00,144 [main] INFO  org.apache.zookeeper.ZooKeeper 100 - Client environment:os.name=Windows 7
2017-12-25 03:05:00,145 [main] INFO  org.apache.zookeeper.ZooKeeper 100 - Client environment:os.arch=amd64
2017-12-25 03:05:00,145 [main] INFO  org.apache.zookeeper.ZooKeeper 100 - Client environment:os.version=6.1
2017-12-25 03:05:00,145 [main] INFO  org.apache.zookeeper.ZooKeeper 100 - Client environment:user.name=Administrator
2017-12-25 03:05:00,145 [main] INFO  org.apache.zookeeper.ZooKeeper 100 - Client environment:user.home=C:\Users\Administrator
2017-12-25 03:05:00,145 [main] INFO  org.apache.zookeeper.ZooKeeper 100 - Client environment:user.dir=F:\other\springCloud\springCloud_kafka
2017-12-25 03:05:00,146 [main] INFO  org.apache.zookeeper.ZooKeeper 438 - Initiating client connection, connectString=localhost:2181 sessionTimeout=10000 watcher=org.I0Itec.zkclient.ZkClient@34208baa
2017-12-25 03:05:00,168 [main-SendThread(127.0.0.1:2181)] INFO  org.apache.zookeeper.ClientCnxn 1032 - Opening socket connection to server 127.0.0.1/127.0.0.1:2181. Will not attempt to authenticate using SASL (unknown error)
2017-12-25 03:05:01,182 [main-SendThread(127.0.0.1:2181)] WARN  org.apache.zookeeper.ClientCnxn 1162 - Session 0x0 for server null, unexpected error, closing socket connection and attempting reconnect
java.net.ConnectException: Connection refused: no further information
	at sun.nio.ch.SocketChannelImpl.checkConnect(Native Method)
	at sun.nio.ch.SocketChannelImpl.finishConnect(SocketChannelImpl.java:717)
	at org.apache.zookeeper.ClientCnxnSocketNIO.doTransport(ClientCnxnSocketNIO.java:361)
	at org.apache.zookeeper.ClientCnxn$SendThread.run(ClientCnxn.java:1141)
2017-12-25 03:05:02,283 [main-SendThread(127.0.0.1:2181)] INFO  org.apache.zookeeper.ClientCnxn 1032 - Opening socket connection to server 127.0.0.1/127.0.0.1:2181. Will not attempt to authenticate using SASL (unknown error)
2017-12-25 03:05:03,284 [main-SendThread(127.0.0.1:2181)] WARN  org.apache.zookeeper.ClientCnxn 1162 - Session 0x0 for server null, unexpected error, closing socket connection and attempting reconnect
java.net.ConnectException: Connection refused: no further information
	at sun.nio.ch.SocketChannelImpl.checkConnect(Native Method)
	at sun.nio.ch.SocketChannelImpl.finishConnect(SocketChannelImpl.java:717)
	at org.apache.zookeeper.ClientCnxnSocketNIO.doTransport(ClientCnxnSocketNIO.java:361)
	at org.apache.zookeeper.ClientCnxn$SendThread.run(ClientCnxn.java:1141)
2017-12-25 03:05:04,384 [main-SendThread(127.0.0.1:2181)] INFO  org.apache.zookeeper.ClientCnxn 1032 - Opening socket connection to server 127.0.0.1/127.0.0.1:2181. Will not attempt to authenticate using SASL (unknown error)
2017-12-25 03:05:05,385 [main-SendThread(127.0.0.1:2181)] WARN  org.apache.zookeeper.ClientCnxn 1162 - Session 0x0 for server null, unexpected error, closing socket connection and attempting reconnect
java.net.ConnectException: Connection refused: no further information
	at sun.nio.ch.SocketChannelImpl.checkConnect(Native Method)
	at sun.nio.ch.SocketChannelImpl.finishConnect(SocketChannelImpl.java:717)
	at org.apache.zookeeper.ClientCnxnSocketNIO.doTransport(ClientCnxnSocketNIO.java:361)
	at org.apache.zookeeper.ClientCnxn$SendThread.run(ClientCnxn.java:1141)
2017-12-25 03:05:06,485 [main-SendThread(127.0.0.1:2181)] INFO  org.apache.zookeeper.ClientCnxn 1032 - Opening socket connection to server 127.0.0.1/127.0.0.1:2181. Will not attempt to authenticate using SASL (unknown error)
2017-12-25 03:05:07,485 [main-SendThread(127.0.0.1:2181)] WARN  org.apache.zookeeper.ClientCnxn 1162 - Session 0x0 for server null, unexpected error, closing socket connection and attempting reconnect
java.net.ConnectException: Connection refused: no further information
	at sun.nio.ch.SocketChannelImpl.checkConnect(Native Method)
	at sun.nio.ch.SocketChannelImpl.finishConnect(SocketChannelImpl.java:717)
	at org.apache.zookeeper.ClientCnxnSocketNIO.doTransport(ClientCnxnSocketNIO.java:361)
	at org.apache.zookeeper.ClientCnxn$SendThread.run(ClientCnxn.java:1141)
2017-12-25 03:05:08,585 [main-SendThread(127.0.0.1:2181)] INFO  org.apache.zookeeper.ClientCnxn 1032 - Opening socket connection to server 127.0.0.1/127.0.0.1:2181. Will not attempt to authenticate using SASL (unknown error)
2017-12-25 03:05:09,585 [main-SendThread(127.0.0.1:2181)] WARN  org.apache.zookeeper.ClientCnxn 1162 - Session 0x0 for server null, unexpected error, closing socket connection and attempting reconnect
java.net.ConnectException: Connection refused: no further information
	at sun.nio.ch.SocketChannelImpl.checkConnect(Native Method)
	at sun.nio.ch.SocketChannelImpl.finishConnect(SocketChannelImpl.java:717)
	at org.apache.zookeeper.ClientCnxnSocketNIO.doTransport(ClientCnxnSocketNIO.java:361)
	at org.apache.zookeeper.ClientCnxn$SendThread.run(ClientCnxn.java:1141)
2017-12-25 03:05:10,687 [main-SendThread(127.0.0.1:2181)] INFO  org.apache.zookeeper.ClientCnxn 1032 - Opening socket connection to server 127.0.0.1/127.0.0.1:2181. Will not attempt to authenticate using SASL (unknown error)
2017-12-25 03:05:11,792 [main] INFO  org.apache.zookeeper.ZooKeeper 684 - Session: 0x0 closed
2017-12-25 03:05:11,793 [main-EventThread] INFO  org.apache.zookeeper.ClientCnxn 519 - EventThread shut down for session: 0x0
2017-12-25 03:05:11,795 [main] WARN  o.s.b.c.e.AnnotationConfigEmbeddedWebApplicationContext 551 - Exception encountered during context initialization - cancelling refresh attempt: org.springframework.context.ApplicationContextException: Failed to start bean 'outputBindingLifecycle'; nested exception is org.springframework.cloud.stream.binder.BinderException: Exception thrown while building outbound endpoint
2017-12-25 03:05:11,799 [main] INFO  o.s.b.a.e.jmx.EndpointMBeanExporter 449 - Unregistering JMX-exposed beans on shutdown
2017-12-25 03:05:11,800 [main] INFO  o.s.i.m.IntegrationMBeanExporter 449 - Unregistering JMX-exposed beans on shutdown
2017-12-25 03:05:11,801 [main] INFO  o.s.i.m.IntegrationMBeanExporter 241 - Unregistering JMX-exposed beans
2017-12-25 03:05:11,802 [main] INFO  o.s.i.m.IntegrationMBeanExporter 375 - Summary on shutdown: errorChannel
2017-12-25 03:05:11,802 [main] INFO  o.s.i.m.IntegrationMBeanExporter 375 - Summary on shutdown: customer1
2017-12-25 03:05:11,803 [main] INFO  o.s.i.m.IntegrationMBeanExporter 375 - Summary on shutdown: productor1
2017-12-25 03:05:11,803 [main] INFO  o.s.i.m.IntegrationMBeanExporter 375 - Summary on shutdown: nullChannel
2017-12-25 03:05:11,804 [main] INFO  o.s.i.m.IntegrationMBeanExporter 378 - Summary on shutdown: _org.springframework.integration.errorLogger.handler
2017-12-25 03:05:11,804 [main] INFO  o.s.j.e.a.AnnotationMBeanExporter 449 - Unregistering JMX-exposed beans on shutdown
2017-12-25 03:05:11,805 [main] INFO  o.s.j.e.a.AnnotationMBeanExporter 241 - Unregistering JMX-exposed beans
2017-12-25 03:05:11,807 [main] INFO  o.s.s.c.ThreadPoolTaskScheduler 202 - Shutting down ExecutorService 'taskScheduler'
2017-12-25 03:05:11,809 [main] INFO  o.s.c.a.AnnotationConfigApplicationContext 984 - Closing org.springframework.context.annotation.AnnotationConfigApplicationContext@123d7057: startup date [Mon Dec 25 03:04:59 CST 2017]; parent: org.springframework.boot.context.embedded.AnnotationConfigEmbeddedWebApplicationContext@5e0e82ae
2017-12-25 03:05:11,813 [main] INFO  o.a.catalina.core.StandardService 179 - Stopping service [Tomcat]
2017-12-25 03:05:11,848 [main] INFO  o.s.b.a.l.AutoConfigurationReportLoggingInitializer 101 - 

Error starting ApplicationContext. To display the auto-configuration report re-run your application with 'debug' enabled.
2017-12-25 17:36:31,243 [main] INFO  c.h.SpringCloudKafkaApplication 48 - Starting SpringCloudKafkaApplication on liangguohun with PID 8164 (F:\other\springCloud\springCloud_kafka\target\classes started by Administrator in F:\other\springCloud\springCloud_kafka)
2017-12-25 17:36:31,259 [main] INFO  c.h.SpringCloudKafkaApplication 593 - No active profile set, falling back to default profiles: default
2017-12-25 17:36:31,298 [main] INFO  o.s.b.c.e.AnnotationConfigEmbeddedWebApplicationContext 583 - Refreshing org.springframework.boot.context.embedded.AnnotationConfigEmbeddedWebApplicationContext@662ac478: startup date [Mon Dec 25 17:36:31 CST 2017]; root of context hierarchy
2017-12-25 17:36:31,813 [background-preinit] INFO  o.h.validator.internal.util.Version 30 - HV000001: Hibernate Validator 5.3.5.Final
2017-12-25 17:36:32,079 [main] INFO  o.s.i.config.IntegrationRegistrar 330 - No bean named 'integrationHeaderChannelRegistry' has been explicitly defined. Therefore, a default DefaultHeaderChannelRegistry will be created.
2017-12-25 17:36:32,398 [main] INFO  o.s.i.c.DefaultConfiguringBeanFactoryPostProcessor 130 - No bean named 'errorChannel' has been explicitly defined. Therefore, a default PublishSubscribeChannel will be created.
2017-12-25 17:36:32,401 [main] INFO  o.s.i.c.DefaultConfiguringBeanFactoryPostProcessor 158 - No bean named 'taskScheduler' has been explicitly defined. Therefore, a default ThreadPoolTaskScheduler will be created.
2017-12-25 17:36:32,487 [main] INFO  o.s.c.s.PostProcessorRegistrationDelegate$BeanPostProcessorChecker 327 - Bean 'org.springframework.kafka.annotation.KafkaBootstrapConfiguration' of type [org.springframework.kafka.annotation.KafkaBootstrapConfiguration$$EnhancerBySpringCGLIB$$27a11c73] is not eligible for getting processed by all BeanPostProcessors (for example: not eligible for auto-proxying)
2017-12-25 17:36:32,507 [main] INFO  o.s.c.s.PostProcessorRegistrationDelegate$BeanPostProcessorChecker 327 - Bean 'org.springframework.cloud.stream.config.BindingServiceConfiguration$PostProcessorConfiguration' of type [org.springframework.cloud.stream.config.BindingServiceConfiguration$PostProcessorConfiguration$$EnhancerBySpringCGLIB$$15b6a8f5] is not eligible for getting processed by all BeanPostProcessors (for example: not eligible for auto-proxying)
2017-12-25 17:36:32,536 [main] INFO  o.s.c.s.PostProcessorRegistrationDelegate$BeanPostProcessorChecker 327 - Bean 'integrationGlobalProperties' of type [org.springframework.beans.factory.config.PropertiesFactoryBean] is not eligible for getting processed by all BeanPostProcessors (for example: not eligible for auto-proxying)
2017-12-25 17:36:32,537 [main] INFO  o.s.c.s.PostProcessorRegistrationDelegate$BeanPostProcessorChecker 327 - Bean 'integrationGlobalProperties' of type [java.util.Properties] is not eligible for getting processed by all BeanPostProcessors (for example: not eligible for auto-proxying)
2017-12-25 17:36:32,919 [main] INFO  o.s.b.c.e.t.TomcatEmbeddedServletContainer 89 - Tomcat initialized with port(s): 8080 (http)
2017-12-25 17:36:32,925 [main] INFO  o.a.catalina.core.StandardService 179 - Starting service [Tomcat]
2017-12-25 17:36:32,926 [main] INFO  o.a.catalina.core.StandardEngine 179 - Starting Servlet Engine: Apache Tomcat/8.5.23
2017-12-25 17:36:32,983 [localhost-startStop-1] INFO  o.a.c.c.C.[Tomcat].[localhost].[/] 179 - Initializing Spring embedded WebApplicationContext
2017-12-25 17:36:32,983 [localhost-startStop-1] INFO  o.s.web.context.ContextLoader 276 - Root WebApplicationContext: initialization completed in 1685 ms
2017-12-25 17:36:33,170 [localhost-startStop-1] INFO  o.s.b.w.s.ServletRegistrationBean 190 - Mapping servlet: 'dispatcherServlet' to [/]
2017-12-25 17:36:33,173 [localhost-startStop-1] INFO  o.s.b.w.s.FilterRegistrationBean 258 - Mapping filter: 'metricsFilter' to: [/*]
2017-12-25 17:36:33,173 [localhost-startStop-1] INFO  o.s.b.w.s.FilterRegistrationBean 258 - Mapping filter: 'characterEncodingFilter' to: [/*]
2017-12-25 17:36:33,173 [localhost-startStop-1] INFO  o.s.b.w.s.FilterRegistrationBean 258 - Mapping filter: 'hiddenHttpMethodFilter' to: [/*]
2017-12-25 17:36:33,173 [localhost-startStop-1] INFO  o.s.b.w.s.FilterRegistrationBean 258 - Mapping filter: 'httpPutFormContentFilter' to: [/*]
2017-12-25 17:36:33,174 [localhost-startStop-1] INFO  o.s.b.w.s.FilterRegistrationBean 258 - Mapping filter: 'requestContextFilter' to: [/*]
2017-12-25 17:36:33,174 [localhost-startStop-1] INFO  o.s.b.w.s.FilterRegistrationBean 258 - Mapping filter: 'webRequestLoggingFilter' to: [/*]
2017-12-25 17:36:33,174 [localhost-startStop-1] INFO  o.s.b.w.s.FilterRegistrationBean 258 - Mapping filter: 'applicationContextIdFilter' to: [/*]
2017-12-25 17:36:33,471 [main] INFO  o.s.s.c.ThreadPoolTaskScheduler 165 - Initializing ExecutorService  'taskScheduler'
2017-12-25 17:36:33,674 [main] INFO  o.s.w.s.m.m.a.RequestMappingHandlerAdapter 534 - Looking for @ControllerAdvice: org.springframework.boot.context.embedded.AnnotationConfigEmbeddedWebApplicationContext@662ac478: startup date [Mon Dec 25 17:36:31 CST 2017]; root of context hierarchy
2017-12-25 17:36:33,719 [main] INFO  o.s.w.s.m.m.a.RequestMappingHandlerMapping 543 - Mapped "{[/error]}" onto public org.springframework.http.ResponseEntity<java.util.Map<java.lang.String, java.lang.Object>> org.springframework.boot.autoconfigure.web.BasicErrorController.error(javax.servlet.http.HttpServletRequest)
2017-12-25 17:36:33,720 [main] INFO  o.s.w.s.m.m.a.RequestMappingHandlerMapping 543 - Mapped "{[/error],produces=[text/html]}" onto public org.springframework.web.servlet.ModelAndView org.springframework.boot.autoconfigure.web.BasicErrorController.errorHtml(javax.servlet.http.HttpServletRequest,javax.servlet.http.HttpServletResponse)
2017-12-25 17:36:33,750 [main] INFO  o.s.w.s.h.SimpleUrlHandlerMapping 362 - Mapped URL path [/webjars/**] onto handler of type [class org.springframework.web.servlet.resource.ResourceHttpRequestHandler]
2017-12-25 17:36:33,750 [main] INFO  o.s.w.s.h.SimpleUrlHandlerMapping 362 - Mapped URL path [/**] onto handler of type [class org.springframework.web.servlet.resource.ResourceHttpRequestHandler]
2017-12-25 17:36:33,795 [main] INFO  o.s.w.s.h.SimpleUrlHandlerMapping 362 - Mapped URL path [/**/favicon.ico] onto handler of type [class org.springframework.web.servlet.resource.ResourceHttpRequestHandler]
2017-12-25 17:36:34,079 [main] INFO  o.s.b.a.e.mvc.EndpointHandlerMapping 543 - Mapped "{[/beans || /beans.json],methods=[GET],produces=[application/vnd.spring-boot.actuator.v1+json || application/json]}" onto public java.lang.Object org.springframework.boot.actuate.endpoint.mvc.EndpointMvcAdapter.invoke()
2017-12-25 17:36:34,080 [main] INFO  o.s.b.a.e.mvc.EndpointHandlerMapping 543 - Mapped "{[/dump || /dump.json],methods=[GET],produces=[application/vnd.spring-boot.actuator.v1+json || application/json]}" onto public java.lang.Object org.springframework.boot.actuate.endpoint.mvc.EndpointMvcAdapter.invoke()
2017-12-25 17:36:34,081 [main] INFO  o.s.b.a.e.mvc.EndpointHandlerMapping 543 - Mapped "{[/heapdump || /heapdump.json],methods=[GET],produces=[application/octet-stream]}" onto public void org.springframework.boot.actuate.endpoint.mvc.HeapdumpMvcEndpoint.invoke(boolean,javax.servlet.http.HttpServletRequest,javax.servlet.http.HttpServletResponse) throws java.io.IOException,javax.servlet.ServletException
2017-12-25 17:36:34,082 [main] INFO  o.s.b.a.e.mvc.EndpointHandlerMapping 543 - Mapped "{[/env/{name:.*}],methods=[GET],produces=[application/vnd.spring-boot.actuator.v1+json || application/json]}" onto public java.lang.Object org.springframework.boot.actuate.endpoint.mvc.EnvironmentMvcEndpoint.value(java.lang.String)
2017-12-25 17:36:34,082 [main] INFO  o.s.b.a.e.mvc.EndpointHandlerMapping 543 - Mapped "{[/env || /env.json],methods=[GET],produces=[application/vnd.spring-boot.actuator.v1+json || application/json]}" onto public java.lang.Object org.springframework.boot.actuate.endpoint.mvc.EndpointMvcAdapter.invoke()
2017-12-25 17:36:34,082 [main] INFO  o.s.b.a.e.mvc.EndpointHandlerMapping 543 - Mapped "{[/channels || /channels.json],methods=[GET],produces=[application/vnd.spring-boot.actuator.v1+json || application/json]}" onto public java.lang.Object org.springframework.boot.actuate.endpoint.mvc.EndpointMvcAdapter.invoke()
2017-12-25 17:36:34,083 [main] INFO  o.s.b.a.e.mvc.EndpointHandlerMapping 543 - Mapped "{[/metrics/{name:.*}],methods=[GET],produces=[application/vnd.spring-boot.actuator.v1+json || application/json]}" onto public java.lang.Object org.springframework.boot.actuate.endpoint.mvc.MetricsMvcEndpoint.value(java.lang.String)
2017-12-25 17:36:34,083 [main] INFO  o.s.b.a.e.mvc.EndpointHandlerMapping 543 - Mapped "{[/metrics || /metrics.json],methods=[GET],produces=[application/vnd.spring-boot.actuator.v1+json || application/json]}" onto public java.lang.Object org.springframework.boot.actuate.endpoint.mvc.EndpointMvcAdapter.invoke()
2017-12-25 17:36:34,084 [main] INFO  o.s.b.a.e.mvc.EndpointHandlerMapping 543 - Mapped "{[/auditevents || /auditevents.json],methods=[GET],produces=[application/vnd.spring-boot.actuator.v1+json || application/json]}" onto public org.springframework.http.ResponseEntity<?> org.springframework.boot.actuate.endpoint.mvc.AuditEventsMvcEndpoint.findByPrincipalAndAfterAndType(java.lang.String,java.util.Date,java.lang.String)
2017-12-25 17:36:34,086 [main] INFO  o.s.b.a.e.mvc.EndpointHandlerMapping 543 - Mapped "{[/loggers/{name:.*}],methods=[GET],produces=[application/vnd.spring-boot.actuator.v1+json || application/json]}" onto public java.lang.Object org.springframework.boot.actuate.endpoint.mvc.LoggersMvcEndpoint.get(java.lang.String)
2017-12-25 17:36:34,086 [main] INFO  o.s.b.a.e.mvc.EndpointHandlerMapping 543 - Mapped "{[/loggers/{name:.*}],methods=[POST],consumes=[application/vnd.spring-boot.actuator.v1+json || application/json],produces=[application/vnd.spring-boot.actuator.v1+json || application/json]}" onto public java.lang.Object org.springframework.boot.actuate.endpoint.mvc.LoggersMvcEndpoint.set(java.lang.String,java.util.Map<java.lang.String, java.lang.String>)
2017-12-25 17:36:34,086 [main] INFO  o.s.b.a.e.mvc.EndpointHandlerMapping 543 - Mapped "{[/loggers || /loggers.json],methods=[GET],produces=[application/vnd.spring-boot.actuator.v1+json || application/json]}" onto public java.lang.Object org.springframework.boot.actuate.endpoint.mvc.EndpointMvcAdapter.invoke()
2017-12-25 17:36:34,087 [main] INFO  o.s.b.a.e.mvc.EndpointHandlerMapping 543 - Mapped "{[/configprops || /configprops.json],methods=[GET],produces=[application/vnd.spring-boot.actuator.v1+json || application/json]}" onto public java.lang.Object org.springframework.boot.actuate.endpoint.mvc.EndpointMvcAdapter.invoke()
2017-12-25 17:36:34,087 [main] INFO  o.s.b.a.e.mvc.EndpointHandlerMapping 543 - Mapped "{[/health || /health.json],methods=[GET],produces=[application/vnd.spring-boot.actuator.v1+json || application/json]}" onto public java.lang.Object org.springframework.boot.actuate.endpoint.mvc.HealthMvcEndpoint.invoke(javax.servlet.http.HttpServletRequest,java.security.Principal)
2017-12-25 17:36:34,087 [main] INFO  o.s.b.a.e.mvc.EndpointHandlerMapping 543 - Mapped "{[/autoconfig || /autoconfig.json],methods=[GET],produces=[application/vnd.spring-boot.actuator.v1+json || application/json]}" onto public java.lang.Object org.springframework.boot.actuate.endpoint.mvc.EndpointMvcAdapter.invoke()
2017-12-25 17:36:34,088 [main] INFO  o.s.b.a.e.mvc.EndpointHandlerMapping 543 - Mapped "{[/info || /info.json],methods=[GET],produces=[application/vnd.spring-boot.actuator.v1+json || application/json]}" onto public java.lang.Object org.springframework.boot.actuate.endpoint.mvc.EndpointMvcAdapter.invoke()
2017-12-25 17:36:34,088 [main] INFO  o.s.b.a.e.mvc.EndpointHandlerMapping 543 - Mapped "{[/mappings || /mappings.json],methods=[GET],produces=[application/vnd.spring-boot.actuator.v1+json || application/json]}" onto public java.lang.Object org.springframework.boot.actuate.endpoint.mvc.EndpointMvcAdapter.invoke()
2017-12-25 17:36:34,088 [main] INFO  o.s.b.a.e.mvc.EndpointHandlerMapping 543 - Mapped "{[/trace || /trace.json],methods=[GET],produces=[application/vnd.spring-boot.actuator.v1+json || application/json]}" onto public java.lang.Object org.springframework.boot.actuate.endpoint.mvc.EndpointMvcAdapter.invoke()
2017-12-25 17:36:34,296 [main] INFO  o.s.i.c.kryo.CompositeKryoRegistrar 74 - configured Kryo registration [40, java.io.File] with serializer org.springframework.integration.codec.kryo.FileSerializer
2017-12-25 17:36:34,406 [main] INFO  o.s.i.channel.DirectChannel 81 - Channel 'application.customer1' has 1 subscriber(s).
2017-12-25 17:36:34,407 [main] INFO  o.s.j.e.a.AnnotationMBeanExporter 431 - Registering beans for JMX exposure on startup
2017-12-25 17:36:34,413 [main] INFO  o.s.j.e.a.AnnotationMBeanExporter 916 - Bean with name 'integrationMbeanExporter' has been autodetected for JMX exposure
2017-12-25 17:36:34,416 [main] INFO  o.s.j.e.a.AnnotationMBeanExporter 678 - Located managed bean 'integrationMbeanExporter': registering with JMX server as MBean [org.springframework.integration.monitor:name=integrationMbeanExporter,type=IntegrationMBeanExporter]
2017-12-25 17:36:34,440 [main] INFO  o.s.i.m.IntegrationMBeanExporter 431 - Registering beans for JMX exposure on startup
2017-12-25 17:36:34,440 [main] INFO  o.s.i.m.IntegrationMBeanExporter 647 - Registering MessageChannel errorChannel
2017-12-25 17:36:34,442 [main] INFO  o.s.i.m.IntegrationMBeanExporter 678 - Located managed bean 'org.springframework.integration:type=MessageChannel,name=errorChannel': registering with JMX server as MBean [org.springframework.integration:type=MessageChannel,name=errorChannel]
2017-12-25 17:36:34,464 [main] INFO  o.s.i.m.IntegrationMBeanExporter 647 - Registering MessageChannel nullChannel
2017-12-25 17:36:34,465 [main] INFO  o.s.i.m.IntegrationMBeanExporter 678 - Located managed bean 'org.springframework.integration:type=MessageChannel,name=nullChannel': registering with JMX server as MBean [org.springframework.integration:type=MessageChannel,name=nullChannel]
2017-12-25 17:36:34,471 [main] INFO  o.s.i.m.IntegrationMBeanExporter 647 - Registering MessageChannel customer1
2017-12-25 17:36:34,471 [main] INFO  o.s.i.m.IntegrationMBeanExporter 678 - Located managed bean 'org.springframework.integration:type=MessageChannel,name=customer1': registering with JMX server as MBean [org.springframework.integration:type=MessageChannel,name=customer1]
2017-12-25 17:36:34,479 [main] INFO  o.s.i.m.IntegrationMBeanExporter 647 - Registering MessageChannel productor1
2017-12-25 17:36:34,481 [main] INFO  o.s.i.m.IntegrationMBeanExporter 678 - Located managed bean 'org.springframework.integration:type=MessageChannel,name=productor1': registering with JMX server as MBean [org.springframework.integration:type=MessageChannel,name=productor1]
2017-12-25 17:36:34,502 [main] INFO  o.s.i.m.IntegrationMBeanExporter 664 - Registering MessageHandler errorLogger
2017-12-25 17:36:34,503 [main] INFO  o.s.i.m.IntegrationMBeanExporter 678 - Located managed bean 'org.springframework.integration:type=MessageHandler,name=errorLogger,bean=internal': registering with JMX server as MBean [org.springframework.integration:type=MessageHandler,name=errorLogger,bean=internal]
2017-12-25 17:36:34,511 [main] INFO  o.s.b.a.e.jmx.EndpointMBeanExporter 431 - Registering beans for JMX exposure on startup
2017-12-25 17:36:34,515 [main] INFO  o.s.c.s.DefaultLifecycleProcessor 343 - Starting beans in phase -2147482648
2017-12-25 17:36:34,555 [main] INFO  c.h.SpringCloudKafkaApplication 593 - No active profile set, falling back to default profiles: default
2017-12-25 17:36:34,558 [main] INFO  o.s.c.a.AnnotationConfigApplicationContext 583 - Refreshing org.springframework.context.annotation.AnnotationConfigApplicationContext@78b612c6: startup date [Mon Dec 25 17:36:34 CST 2017]; parent: org.springframework.boot.context.embedded.AnnotationConfigEmbeddedWebApplicationContext@662ac478
2017-12-25 17:36:34,604 [main] INFO  o.s.c.s.b.k.c.KafkaBinderConfiguration 147 - AdminUtils selected: Kafka 0.10 AdminUtils
2017-12-25 17:36:34,643 [main] INFO  c.h.SpringCloudKafkaApplication 57 - Started SpringCloudKafkaApplication in 0.118 seconds (JVM running for 4.743)
2017-12-25 17:36:34,666 [main] INFO  o.s.c.s.b.k.p.KafkaTopicProvisioner 105 - Using kafka topic for outbound: test_spring_stream
2017-12-25 17:36:34,678 [main] INFO  org.apache.zookeeper.ZooKeeper 100 - Client environment:zookeeper.version=3.4.8--1, built on 02/06/2016 03:18 GMT
2017-12-25 17:36:34,678 [main] INFO  org.apache.zookeeper.ZooKeeper 100 - Client environment:host.name=liangguohun
2017-12-25 17:36:34,678 [main] INFO  org.apache.zookeeper.ZooKeeper 100 - Client environment:java.version=1.8.0_131
2017-12-25 17:36:34,679 [main] INFO  org.apache.zookeeper.ZooKeeper 100 - Client environment:java.vendor=Oracle Corporation
2017-12-25 17:36:34,679 [main] INFO  org.apache.zookeeper.ZooKeeper 100 - Client environment:java.home=C:\Program Files\Java\jdk1.8.0_131\jre
2017-12-25 17:36:34,679 [main] INFO  org.apache.zookeeper.ZooKeeper 100 - Client environment:java.class.path=C:\Program Files\Java\jdk1.8.0_131\jre\lib\resources.jar;C:\Program Files\Java\jdk1.8.0_131\jre\lib\rt.jar;C:\Program Files\Java\jdk1.8.0_131\jre\lib\jsse.jar;C:\Program Files\Java\jdk1.8.0_131\jre\lib\jce.jar;C:\Program Files\Java\jdk1.8.0_131\jre\lib\charsets.jar;C:\Program Files\Java\jdk1.8.0_131\jre\lib\jfr.jar;C:\Program Files\Java\jdk1.8.0_131\jre\lib\ext\access-bridge-64.jar;C:\Program Files\Java\jdk1.8.0_131\jre\lib\ext\cldrdata.jar;C:\Program Files\Java\jdk1.8.0_131\jre\lib\ext\dnsns.jar;C:\Program Files\Java\jdk1.8.0_131\jre\lib\ext\jaccess.jar;C:\Program Files\Java\jdk1.8.0_131\jre\lib\ext\jfxrt.jar;C:\Program Files\Java\jdk1.8.0_131\jre\lib\ext\localedata.jar;C:\Program Files\Java\jdk1.8.0_131\jre\lib\ext\nashorn.jar;C:\Program Files\Java\jdk1.8.0_131\jre\lib\ext\sunec.jar;C:\Program Files\Java\jdk1.8.0_131\jre\lib\ext\sunjce_provider.jar;C:\Program Files\Java\jdk1.8.0_131\jre\lib\ext\sunmscapi.jar;C:\Program Files\Java\jdk1.8.0_131\jre\lib\ext\sunpkcs11.jar;C:\Program Files\Java\jdk1.8.0_131\jre\lib\ext\zipfs.jar;F:\other\springCloud\springCloud_kafka\target\classes;D:\apache-maven-3.5.0\Rep\org\springframework\boot\spring-boot\1.5.8.RELEASE\spring-boot-1.5.8.RELEASE.jar;D:\apache-maven-3.5.0\Rep\org\springframework\spring-context\4.3.12.RELEASE\spring-context-4.3.12.RELEASE.jar;D:\apache-maven-3.5.0\Rep\org\springframework\spring-aop\4.3.12.RELEASE\spring-aop-4.3.12.RELEASE.jar;D:\apache-maven-3.5.0\Rep\org\springframework\spring-beans\4.3.12.RELEASE\spring-beans-4.3.12.RELEASE.jar;D:\apache-maven-3.5.0\Rep\org\springframework\spring-expression\4.3.12.RELEASE\spring-expression-4.3.12.RELEASE.jar;D:\apache-maven-3.5.0\Rep\org\springframework\boot\spring-boot-autoconfigure\1.5.8.RELEASE\spring-boot-autoconfigure-1.5.8.RELEASE.jar;D:\apache-maven-3.5.0\Rep\org\slf4j\slf4j-api\1.7.25\slf4j-api-1.7.25.jar;D:\apache-maven-3.5.0\Rep\org\objenesis\objenesis\2.1\objenesis-2.1.jar;D:\apache-maven-3.5.0\Rep\org\springframework\spring-core\4.3.12.RELEASE\spring-core-4.3.12.RELEASE.jar;D:\apache-maven-3.5.0\Rep\org\springframework\cloud\spring-cloud-starter-stream-kafka\1.2.1.RELEASE\spring-cloud-starter-stream-kafka-1.2.1.RELEASE.jar;D:\apache-maven-3.5.0\Rep\org\springframework\cloud\spring-cloud-stream-binder-kafka\1.2.1.RELEASE\spring-cloud-stream-binder-kafka-1.2.1.RELEASE.jar;D:\apache-maven-3.5.0\Rep\org\springframework\cloud\spring-cloud-stream-binder-kafka-core\1.2.1.RELEASE\spring-cloud-stream-binder-kafka-core-1.2.1.RELEASE.jar;D:\apache-maven-3.5.0\Rep\org\springframework\cloud\spring-cloud-stream\1.2.2.RELEASE\spring-cloud-stream-1.2.2.RELEASE.jar;D:\apache-maven-3.5.0\Rep\org\springframework\boot\spring-boot-starter-actuator\1.5.8.RELEASE\spring-boot-starter-actuator-1.5.8.RELEASE.jar;D:\apache-maven-3.5.0\Rep\org\springframework\boot\spring-boot-starter\1.5.8.RELEASE\spring-boot-starter-1.5.8.RELEASE.jar;D:\apache-maven-3.5.0\Rep\org\springframework\boot\spring-boot-starter-logging\1.5.8.RELEASE\spring-boot-starter-logging-1.5.8.RELEASE.jar;D:\apache-maven-3.5.0\Rep\ch\qos\logback\logback-classic\1.1.11\logback-classic-1.1.11.jar;D:\apache-maven-3.5.0\Rep\ch\qos\logback\logback-core\1.1.11\logback-core-1.1.11.jar;D:\apache-maven-3.5.0\Rep\org\slf4j\jcl-over-slf4j\1.7.25\jcl-over-slf4j-1.7.25.jar;D:\apache-maven-3.5.0\Rep\org\slf4j\jul-to-slf4j\1.7.25\jul-to-slf4j-1.7.25.jar;D:\apache-maven-3.5.0\Rep\org\slf4j\log4j-over-slf4j\1.7.25\log4j-over-slf4j-1.7.25.jar;D:\apache-maven-3.5.0\Rep\org\yaml\snakeyaml\1.17\snakeyaml-1.17.jar;D:\apache-maven-3.5.0\Rep\org\springframework\boot\spring-boot-actuator\1.5.8.RELEASE\spring-boot-actuator-1.5.8.RELEASE.jar;D:\apache-maven-3.5.0\Rep\org\springframework\boot\spring-boot-starter-web\1.5.8.RELEASE\spring-boot-starter-web-1.5.8.RELEASE.jar;D:\apache-maven-3.5.0\Rep\org\springframework\boot\spring-boot-starter-tomcat\1.5.8.RELEASE\spring-boot-starter-tomcat-1.5.8.RELEASE.jar;D:\apache-maven-3.5.0\Rep\org\apache\tomcat\embed\tomcat-embed-core\8.5.23\tomcat-embed-core-8.5.23.jar;D:\apache-maven-3.5.0\Rep\org\apache\tomcat\tomcat-annotations-api\8.5.23\tomcat-annotations-api-8.5.23.jar;D:\apache-maven-3.5.0\Rep\org\apache\tomcat\embed\tomcat-embed-websocket\8.5.23\tomcat-embed-websocket-8.5.23.jar;D:\apache-maven-3.5.0\Rep\org\hibernate\hibernate-validator\5.3.5.Final\hibernate-validator-5.3.5.Final.jar;D:\apache-maven-3.5.0\Rep\javax\validation\validation-api\1.1.0.Final\validation-api-1.1.0.Final.jar;D:\apache-maven-3.5.0\Rep\org\jboss\logging\jboss-logging\3.3.1.Final\jboss-logging-3.3.1.Final.jar;D:\apache-maven-3.5.0\Rep\com\fasterxml\classmate\1.3.4\classmate-1.3.4.jar;D:\apache-maven-3.5.0\Rep\com\fasterxml\jackson\core\jackson-databind\2.8.10\jackson-databind-2.8.10.jar;D:\apache-maven-3.5.0\Rep\com\fasterxml\jackson\core\jackson-core\2.8.10\jackson-core-2.8.10.jar;D:\apache-maven-3.5.0\Rep\org\springframework\spring-web\4.3.12.RELEASE\spring-web-4.3.12.RELEASE.jar;D:\apache-maven-3.5.0\Rep\org\springframework\spring-webmvc\4.3.12.RELEASE\spring-webmvc-4.3.12.RELEASE.jar;D:\apache-maven-3.5.0\Rep\org\springframework\boot\spring-boot-starter-validation\1.5.8.RELEASE\spring-boot-starter-validation-1.5.8.RELEASE.jar;D:\apache-maven-3.5.0\Rep\org\apache\tomcat\embed\tomcat-embed-el\8.5.23\tomcat-embed-el-8.5.23.jar;D:\apache-maven-3.5.0\Rep\org\springframework\spring-messaging\4.3.12.RELEASE\spring-messaging-4.3.12.RELEASE.jar;D:\apache-maven-3.5.0\Rep\org\springframework\integration\spring-integration-core\4.3.12.RELEASE\spring-integration-core-4.3.12.RELEASE.jar;D:\apache-maven-3.5.0\Rep\org\springframework\spring-tx\4.3.12.RELEASE\spring-tx-4.3.12.RELEASE.jar;D:\apache-maven-3.5.0\Rep\org\springframework\integration\spring-integration-jmx\4.3.12.RELEASE\spring-integration-jmx-4.3.12.RELEASE.jar;D:\apache-maven-3.5.0\Rep\org\springframework\spring-tuple\1.0.0.RELEASE\spring-tuple-1.0.0.RELEASE.jar;D:\apache-maven-3.5.0\Rep\org\springframework\integration\spring-integration-tuple\1.0.0.RELEASE\spring-integration-tuple-1.0.0.RELEASE.jar;D:\apache-maven-3.5.0\Rep\org\springframework\retry\spring-retry\1.2.1.RELEASE\spring-retry-1.2.1.RELEASE.jar;D:\apache-maven-3.5.0\Rep\org\springframework\cloud\spring-cloud-stream-codec\1.2.2.RELEASE\spring-cloud-stream-codec-1.2.2.RELEASE.jar;D:\apache-maven-3.5.0\Rep\com\esotericsoftware\kryo-shaded\3.0.3\kryo-shaded-3.0.3.jar;D:\apache-maven-3.5.0\Rep\com\esotericsoftware\minlog\1.3.0\minlog-1.3.0.jar;D:\apache-maven-3.5.0\Rep\com\fasterxml\jackson\core\jackson-annotations\2.8.0\jackson-annotations-2.8.0.jar;D:\apache-maven-3.5.0\Rep\org\apache\kafka\kafka_2.11\0.10.1.1\kafka_2.11-0.10.1.1.jar;D:\apache-maven-3.5.0\Rep\net\sf\jopt-simple\jopt-simple\4.9\jopt-simple-4.9.jar;D:\apache-maven-3.5.0\Rep\com\yammer\metrics\metrics-core\2.2.0\metrics-core-2.2.0.jar;D:\apache-maven-3.5.0\Rep\org\scala-lang\scala-library\2.11.8\scala-library-2.11.8.jar;D:\apache-maven-3.5.0\Rep\com\101tec\zkclient\0.9\zkclient-0.9.jar;D:\apache-maven-3.5.0\Rep\org\apache\zookeeper\zookeeper\3.4.8\zookeeper-3.4.8.jar;D:\apache-maven-3.5.0\Rep\io\netty\netty\3.7.0.Final\netty-3.7.0.Final.jar;D:\apache-maven-3.5.0\Rep\org\scala-lang\modules\scala-parser-combinators_2.11\1.0.4\scala-parser-combinators_2.11-1.0.4.jar;D:\apache-maven-3.5.0\Rep\org\apache\kafka\kafka-clients\0.10.1.1\kafka-clients-0.10.1.1.jar;D:\apache-maven-3.5.0\Rep\net\jpountz\lz4\lz4\1.3.0\lz4-1.3.0.jar;D:\apache-maven-3.5.0\Rep\org\xerial\snappy\snappy-java\1.1.2.6\snappy-java-1.1.2.6.jar;D:\apache-maven-3.5.0\Rep\org\springframework\kafka\spring-kafka\1.1.7.RELEASE\spring-kafka-1.1.7.RELEASE.jar;D:\apache-maven-3.5.0\Rep\org\springframework\integration\spring-integration-kafka\2.1.0.RELEASE\spring-integration-kafka-2.1.0.RELEASE.jar
2017-12-25 17:36:34,679 [main] INFO  org.apache.zookeeper.ZooKeeper 100 - Client environment:java.library.path=C:\Program Files\Java\jdk1.8.0_131\bin;C:\Windows\Sun\Java\bin;C:\Windows\system32;C:\Windows;C:/Program Files/Java/jre1.8.0_144/bin/server;C:/Program Files/Java/jre1.8.0_144/bin;C:/Program Files/Java/jre1.8.0_144/lib/amd64;C:\ProgramData\Oracle\Java\javapath;C:\Windows\system32;C:\Windows;C:\Windows\System32\Wbem;C:\Windows\System32\WindowsPowerShell\v1.0\;C:\Program Files (x86)\NVIDIA Corporation\PhysX\Common;D:\apache-maven-3.5.0\bin;C:\Program Files\nodejs\;C:\Program Files\Git\cmd;C:\Program Files\Java\jdk1.8.0_131\bin;C:\Program Files\Java\jdk1.8.0_131\jre;C:\Program Files\Git\bin;C:\Program Files\Git\usr\bin;C:\Program Files (x86)\Microsoft SQL Server\100\Tools\Binn\;C:\Program Files\Microsoft SQL Server\100\Tools\Binn\;C:\Program Files\Microsoft SQL Server\100\DTS\Binn\;C:\Program Files\Microsoft\Web Platform Installer\;C:\Program Files (x86)\Microsoft ASP.NET\ASP.NET Web Pages\v1.0\;C:\Program Files\Microsoft SQL Server\110\Tools\Binn\;D:\Program Files\TortoiseSVN\bin;C:\Program Files (x86)\Microsoft SQL Server\100\Tools\Binn\VSShell\Common7\IDE\;C:\Program Files (x86)\Microsoft Visual Studio 9.0\Common7\IDE\PrivateAssemblies\;C:\Program Files (x86)\Microsoft SQL Server\100\DTS\Binn\;C:\Program Files (x86)\Windows Kits\8.0\Windows Performance Toolkit\;D:\Program Files\TortoiseGit\bin;D:\apache-maven-3.5.0\bin;C:\Users\Administrator\AppData\Local\Programs\Python\Python36\Scripts\;C:\Users\Administrator\AppData\Local\Programs\Python\Python36\;C:\Users\Administrator\AppData\Roaming\npm;C:\Program Files (x86)\Microsoft VS Code\bin;C:\Users\Administrator\Desktop;;.
2017-12-25 17:36:34,679 [main] INFO  org.apache.zookeeper.ZooKeeper 100 - Client environment:java.io.tmpdir=C:\Users\ADMINI~1\AppData\Local\Temp\
2017-12-25 17:36:34,679 [main] INFO  org.apache.zookeeper.ZooKeeper 100 - Client environment:java.compiler=<NA>
2017-12-25 17:36:34,679 [main] INFO  org.apache.zookeeper.ZooKeeper 100 - Client environment:os.name=Windows 7
2017-12-25 17:36:34,679 [main] INFO  org.apache.zookeeper.ZooKeeper 100 - Client environment:os.arch=amd64
2017-12-25 17:36:34,679 [main] INFO  org.apache.zookeeper.ZooKeeper 100 - Client environment:os.version=6.1
2017-12-25 17:36:34,680 [main] INFO  org.apache.zookeeper.ZooKeeper 100 - Client environment:user.name=Administrator
2017-12-25 17:36:34,680 [main] INFO  org.apache.zookeeper.ZooKeeper 100 - Client environment:user.home=C:\Users\Administrator
2017-12-25 17:36:34,680 [main] INFO  org.apache.zookeeper.ZooKeeper 100 - Client environment:user.dir=F:\other\springCloud\springCloud_kafka
2017-12-25 17:36:34,680 [main] INFO  org.apache.zookeeper.ZooKeeper 438 - Initiating client connection, connectString=localhost:2181 sessionTimeout=10000 watcher=org.I0Itec.zkclient.ZkClient@77f991c
2017-12-25 17:36:34,700 [main-SendThread(127.0.0.1:2181)] INFO  org.apache.zookeeper.ClientCnxn 1032 - Opening socket connection to server 127.0.0.1/127.0.0.1:2181. Will not attempt to authenticate using SASL (unknown error)
2017-12-25 17:36:35,731 [main-SendThread(127.0.0.1:2181)] WARN  org.apache.zookeeper.ClientCnxn 1162 - Session 0x0 for server null, unexpected error, closing socket connection and attempting reconnect
java.net.ConnectException: Connection refused: no further information
	at sun.nio.ch.SocketChannelImpl.checkConnect(Native Method)
	at sun.nio.ch.SocketChannelImpl.finishConnect(SocketChannelImpl.java:717)
	at org.apache.zookeeper.ClientCnxnSocketNIO.doTransport(ClientCnxnSocketNIO.java:361)
	at org.apache.zookeeper.ClientCnxn$SendThread.run(ClientCnxn.java:1141)
2017-12-25 17:36:36,834 [main-SendThread(127.0.0.1:2181)] INFO  org.apache.zookeeper.ClientCnxn 1032 - Opening socket connection to server 127.0.0.1/127.0.0.1:2181. Will not attempt to authenticate using SASL (unknown error)
2017-12-25 17:36:37,835 [main-SendThread(127.0.0.1:2181)] WARN  org.apache.zookeeper.ClientCnxn 1162 - Session 0x0 for server null, unexpected error, closing socket connection and attempting reconnect
java.net.ConnectException: Connection refused: no further information
	at sun.nio.ch.SocketChannelImpl.checkConnect(Native Method)
	at sun.nio.ch.SocketChannelImpl.finishConnect(SocketChannelImpl.java:717)
	at org.apache.zookeeper.ClientCnxnSocketNIO.doTransport(ClientCnxnSocketNIO.java:361)
	at org.apache.zookeeper.ClientCnxn$SendThread.run(ClientCnxn.java:1141)
2017-12-25 17:36:38,936 [main-SendThread(127.0.0.1:2181)] INFO  org.apache.zookeeper.ClientCnxn 1032 - Opening socket connection to server 127.0.0.1/127.0.0.1:2181. Will not attempt to authenticate using SASL (unknown error)
2017-12-25 17:36:39,936 [main-SendThread(127.0.0.1:2181)] WARN  org.apache.zookeeper.ClientCnxn 1162 - Session 0x0 for server null, unexpected error, closing socket connection and attempting reconnect
java.net.ConnectException: Connection refused: no further information
	at sun.nio.ch.SocketChannelImpl.checkConnect(Native Method)
	at sun.nio.ch.SocketChannelImpl.finishConnect(SocketChannelImpl.java:717)
	at org.apache.zookeeper.ClientCnxnSocketNIO.doTransport(ClientCnxnSocketNIO.java:361)
	at org.apache.zookeeper.ClientCnxn$SendThread.run(ClientCnxn.java:1141)
2017-12-25 17:36:41,037 [main-SendThread(127.0.0.1:2181)] INFO  org.apache.zookeeper.ClientCnxn 1032 - Opening socket connection to server 127.0.0.1/127.0.0.1:2181. Will not attempt to authenticate using SASL (unknown error)
2017-12-25 17:36:42,037 [main-SendThread(127.0.0.1:2181)] WARN  org.apache.zookeeper.ClientCnxn 1162 - Session 0x0 for server null, unexpected error, closing socket connection and attempting reconnect
java.net.ConnectException: Connection refused: no further information
	at sun.nio.ch.SocketChannelImpl.checkConnect(Native Method)
	at sun.nio.ch.SocketChannelImpl.finishConnect(SocketChannelImpl.java:717)
	at org.apache.zookeeper.ClientCnxnSocketNIO.doTransport(ClientCnxnSocketNIO.java:361)
	at org.apache.zookeeper.ClientCnxn$SendThread.run(ClientCnxn.java:1141)
2017-12-25 17:36:43,138 [main-SendThread(127.0.0.1:2181)] INFO  org.apache.zookeeper.ClientCnxn 1032 - Opening socket connection to server 127.0.0.1/127.0.0.1:2181. Will not attempt to authenticate using SASL (unknown error)
2017-12-25 17:36:44,140 [main-SendThread(127.0.0.1:2181)] WARN  org.apache.zookeeper.ClientCnxn 1162 - Session 0x0 for server null, unexpected error, closing socket connection and attempting reconnect
java.net.ConnectException: Connection refused: no further information
	at sun.nio.ch.SocketChannelImpl.checkConnect(Native Method)
	at sun.nio.ch.SocketChannelImpl.finishConnect(SocketChannelImpl.java:717)
	at org.apache.zookeeper.ClientCnxnSocketNIO.doTransport(ClientCnxnSocketNIO.java:361)
	at org.apache.zookeeper.ClientCnxn$SendThread.run(ClientCnxn.java:1141)
2017-12-25 17:36:45,240 [main-SendThread(127.0.0.1:2181)] INFO  org.apache.zookeeper.ClientCnxn 1032 - Opening socket connection to server 127.0.0.1/127.0.0.1:2181. Will not attempt to authenticate using SASL (unknown error)
2017-12-25 17:36:46,347 [main] INFO  org.apache.zookeeper.ZooKeeper 684 - Session: 0x0 closed
2017-12-25 17:36:46,347 [main-EventThread] INFO  org.apache.zookeeper.ClientCnxn 519 - EventThread shut down for session: 0x0
2017-12-25 17:36:46,349 [main] WARN  o.s.b.c.e.AnnotationConfigEmbeddedWebApplicationContext 551 - Exception encountered during context initialization - cancelling refresh attempt: org.springframework.context.ApplicationContextException: Failed to start bean 'outputBindingLifecycle'; nested exception is org.springframework.cloud.stream.binder.BinderException: Exception thrown while building outbound endpoint
2017-12-25 17:36:46,356 [main] INFO  o.s.b.a.e.jmx.EndpointMBeanExporter 449 - Unregistering JMX-exposed beans on shutdown
2017-12-25 17:36:46,357 [main] INFO  o.s.i.m.IntegrationMBeanExporter 449 - Unregistering JMX-exposed beans on shutdown
2017-12-25 17:36:46,358 [main] INFO  o.s.i.m.IntegrationMBeanExporter 241 - Unregistering JMX-exposed beans
2017-12-25 17:36:46,358 [main] INFO  o.s.i.m.IntegrationMBeanExporter 375 - Summary on shutdown: errorChannel
2017-12-25 17:36:46,359 [main] INFO  o.s.i.m.IntegrationMBeanExporter 375 - Summary on shutdown: nullChannel
2017-12-25 17:36:46,359 [main] INFO  o.s.i.m.IntegrationMBeanExporter 375 - Summary on shutdown: customer1
2017-12-25 17:36:46,360 [main] INFO  o.s.i.m.IntegrationMBeanExporter 375 - Summary on shutdown: productor1
2017-12-25 17:36:46,360 [main] INFO  o.s.i.m.IntegrationMBeanExporter 378 - Summary on shutdown: _org.springframework.integration.errorLogger.handler
2017-12-25 17:36:46,360 [main] INFO  o.s.j.e.a.AnnotationMBeanExporter 449 - Unregistering JMX-exposed beans on shutdown
2017-12-25 17:36:46,361 [main] INFO  o.s.j.e.a.AnnotationMBeanExporter 241 - Unregistering JMX-exposed beans
2017-12-25 17:36:46,362 [main] INFO  o.s.s.c.ThreadPoolTaskScheduler 202 - Shutting down ExecutorService 'taskScheduler'
2017-12-25 17:36:46,363 [main] INFO  o.s.c.a.AnnotationConfigApplicationContext 984 - Closing org.springframework.context.annotation.AnnotationConfigApplicationContext@78b612c6: startup date [Mon Dec 25 17:36:34 CST 2017]; parent: org.springframework.boot.context.embedded.AnnotationConfigEmbeddedWebApplicationContext@662ac478
2017-12-25 17:36:46,366 [main] INFO  o.a.catalina.core.StandardService 179 - Stopping service [Tomcat]
2017-12-25 17:36:46,404 [main] INFO  o.s.b.a.l.AutoConfigurationReportLoggingInitializer 101 - 

Error starting ApplicationContext. To display the auto-configuration report re-run your application with 'debug' enabled.
